#
# A fatal error has been detected by the Java Runtime Environment:
#
#  SIGSEGV (0xb) at pc=0x00007fff8f10fc30, pid=27076, tid=46599
#
# JRE version: 7.0_25-b15
# Java VM: Java HotSpot(TM) 64-Bit Server VM (23.25-b01 mixed mode bsd-amd64 compressed oops)
# Problematic frame:
# C  [libGL.dylib+0x1c30]  glGetString+0xf
#
# Failed to write core dump. Core dumps have been disabled. To enable core dumping, try "ulimit -c unlimited" before starting Java again
#
# If you would like to submit a bug report, please visit:
#   http://bugreport.sun.com/bugreport/crash.jsp
# The crash happened outside the Java Virtual Machine in native code.
# See problematic frame for where to report the bug.
#

---------------  T H R E A D  ---------------

Current thread (0x00007fb493068000):  JavaThread "Java2D Queue Flusher" daemon [_thread_in_native, id=46599, stack(0x0000000115b47000,0x0000000115c47000)]

siginfo:si_signo=SIGSEGV: si_errno=0, si_code=1 (SEGV_MAPERR), si_addr=0x00000000000003b0

Registers:
RAX=0x0000000000001f00, RBX=0x0000000112196950, RCX=0x0000000000000000, RDX=0x0000000000000008
RSP=0x0000000115c468f0, RBP=0x0000000115c468f0, RSI=0x0000000115c46998, RDI=0x0000000000001f00
R8 =0x8000000000000000, R9 =0x0000000000000004, R10=0x00000001074baf64, R11=0x0000000106e0923b
R12=0x0000000000000000, R13=0x00000007bc00fc60, R14=0x0000000115c469a0, R15=0x00007fb493068000
RIP=0x00007fff8f10fc30, EFLAGS=0x0000000000010206, ERR=0x0000000000000004
  TRAPNO=0x000000000000000e

Top of Stack: (sp=0x0000000115c468f0)
0x0000000115c468f0:   0000000115c46930 000000011211669f
0x0000000115c46900:   00007fb4930681d8 00000007bc00fc60
0x0000000115c46910:   0000000000000000 00000007bc00fc60
0x0000000115c46920:   0000000115c469a0 00007fb493068000
0x0000000115c46930:   0000000115c46988 00000001074baf90
0x0000000115c46940:   00000001074c61a3 0000000115c46948
0x0000000115c46950:   00000007bc00fc60 0000000115c469a0
0x0000000115c46960:   00000007bc012b48 0000000000000000
0x0000000115c46970:   00000007bc00fc60 0000000000000000
0x0000000115c46980:   0000000115c469a8 0000000115c469f8
0x0000000115c46990:   00000001074af333 00000007eb0e7030
0x0000000115c469a0:   00000001074b7ddb 0000000000000000
0x0000000115c469b0:   00000007eb0e6b00 0000000115c469b8
0x0000000115c469c0:   00000007bc0130f5 0000000115c46a08
0x0000000115c469d0:   00000007bc013410 0000000000000000
0x0000000115c469e0:   00000007bc013100 0000000115c469a8
0x0000000115c469f0:   0000000115c46a08 0000000115c46a60
0x0000000115c46a00:   00000001074af806 00000007eb0e71b0
0x0000000115c46a10:   0000000000000001 00000007eb0e6e80
0x0000000115c46a20:   0000000115c46a10 00000007bc00ebdf
0x0000000115c46a30:   0000000115c46a88 00000007bc00f098
0x0000000115c46a40:   0000000000000000 00000007bc00eca8
0x0000000115c46a50:   0000000115c46a08 0000000115c46a88
0x0000000115c46a60:   0000000115c46af0 00000001074a94f7
0x0000000115c46a70:   0000000000000000 0000000000000000
0x0000000115c46a80:   0000000000000000 00000007eb0e6e80
0x0000000115c46a90:   0000000100001fa0 0000000000000001
0x0000000115c46aa0:   00007fb493068000 00000001074a946f
0x0000000115c46ab0:   000000000000000a 00007fb492f00800
0x0000000115c46ac0:   0000000115c46b60 0000000115c46d30
0x0000000115c46ad0:   000000000000000a 00000007bc00eca8
0x0000000115c46ae0:   00000001074b9700 0000000115c46ca0 

Instructions: (pc=0x00007fff8f10fc30)
0x00007fff8f10fc10:   00 48 8b 91 a8 03 00 00 48 8b 39 48 89 c6 5d ff
0x00007fff8f10fc20:   e2 55 48 89 e5 89 f8 65 48 8b 0c 25 f0 00 00 00
0x00007fff8f10fc30:   48 8b 91 b0 03 00 00 48 8b 39 89 c6 5d ff e2 55
0x00007fff8f10fc40:   48 89 e5 49 89 d0 89 f1 89 fa 65 48 8b 34 25 f0 

Register to memory mapping:

RAX=0x0000000000001f00 is an unknown value
RBX=0x0000000112196950: j2d_glGetString+0 in /Library/Java/JavaVirtualMachines/jdk1.7.0_25.jdk/Contents/Home/jre/lib/lwawt/liblwawt.dylib at 0x0000000112112000
RCX=0x0000000000000000 is an unknown value
RDX=0x0000000000000008 is an unknown value
RSP=0x0000000115c468f0 is pointing into the stack for thread: 0x00007fb493068000
RBP=0x0000000115c468f0 is pointing into the stack for thread: 0x00007fb493068000
RSI=0x0000000115c46998 is pointing into the stack for thread: 0x00007fb493068000
RDI=0x0000000000001f00 is an unknown value
R8 =0x8000000000000000 is an unknown value
R9 =0x0000000000000004 is an unknown value
R10=0x00000001074baf64 is an Interpreter codelet
method entry point (kind = native)  [0x00000001074bad00, 0x00000001074bb540]  2112 bytes
R11=0x0000000106e0923b: throw_unsatisfied_link_error+0 in /Library/Java/JavaVirtualMachines/jdk1.7.0_25.jdk/Contents/Home/jre/lib/server/libjvm.dylib at 0x0000000106a00000
R12=0x0000000000000000 is an unknown value
R13=0x00000007bc00fc60 is an oop
{method} 
 - klass: {other class}
R14=0x0000000115c469a0 is pointing into the stack for thread: 0x00007fb493068000
R15=0x00007fb493068000 is a thread


Stack: [0x0000000115b47000,0x0000000115c47000],  sp=0x0000000115c468f0,  free space=1022k
Native frames: (J=compiled Java code, j=interpreted, Vv=VM code, C=native code)
C  [libGL.dylib+0x1c30]  glGetString+0xf
C  [liblwawt.dylib+0x469f]  Java_sun_java2d_opengl_OGLContext_getOGLIdString+0x23
j  sun.java2d.opengl.OGLContext.getOGLIdString()Ljava/lang/String;+0
j  sun.java2d.opengl.CGLGraphicsConfig$1.run()V+5
j  sun.java2d.opengl.OGLRenderQueue$QueueFlusher.run()V+95
v  ~StubRoutines::call_stub
V  [libjvm.dylib+0x28a5c3]
V  [libjvm.dylib+0x28aaa2]
V  [libjvm.dylib+0x28abdc]
V  [libjvm.dylib+0x2c1868]
V  [libjvm.dylib+0x47cbd8]
V  [libjvm.dylib+0x47e0ca]
V  [libjvm.dylib+0x3b95f9]
C  [libsystem_pthread.dylib+0x3844]  _pthread_body+0x83
C  [libsystem_pthread.dylib+0x37c1]  _pthread_body+0x0
C  [libsystem_pthread.dylib+0x1a11]  thread_start+0xd

Java frames: (J=compiled Java code, j=interpreted, Vv=VM code)
j  sun.java2d.opengl.OGLContext.getOGLIdString()Ljava/lang/String;+0
j  sun.java2d.opengl.CGLGraphicsConfig$1.run()V+5
j  sun.java2d.opengl.OGLRenderQueue$QueueFlusher.run()V+95
v  ~StubRoutines::call_stub

---------------  P R O C E S S  ---------------

Java Threads: ( => current thread )
=>0x00007fb493068000 JavaThread "Java2D Queue Flusher" daemon [_thread_in_native, id=46599, stack(0x0000000115b47000,0x0000000115c47000)]
  0x00007fb493028800 JavaThread "AWT-Shutdown" [_thread_blocked, id=17671, stack(0x000000011229e000,0x000000011239e000)]
  0x00007fb493028000 JavaThread "AWT-AppKit" daemon [_thread_in_native, id=8467, stack(0x00007fff5a3f9000,0x00007fff5a479000)]
  0x00007fb49501d800 JavaThread "Service Thread" daemon [_thread_blocked, id=16131, stack(0x00000001118b8000,0x00000001119b8000)]
  0x00007fb49501c800 JavaThread "C2 CompilerThread1" daemon [_thread_blocked, id=15875, stack(0x00000001117b5000,0x00000001118b5000)]
  0x00007fb49501b000 JavaThread "C2 CompilerThread0" daemon [_thread_blocked, id=15619, stack(0x00000001116b2000,0x00000001117b2000)]
  0x00007fb495019800 JavaThread "Signal Dispatcher" daemon [_thread_blocked, id=12555, stack(0x00000001115af000,0x00000001116af000)]
  0x00007fb494002000 JavaThread "Finalizer" daemon [_thread_blocked, id=10755, stack(0x000000010fc70000,0x000000010fd70000)]
  0x00007fb493837000 JavaThread "Reference Handler" daemon [_thread_blocked, id=10499, stack(0x000000010fb6d000,0x000000010fc6d000)]
  0x00007fb495001000 JavaThread "main" [_thread_blocked, id=3591, stack(0x000000010589d000,0x000000010599d000)]

Other Threads:
  0x00007fb49301e000 VMThread [stack: 0x000000010fa6a000,0x000000010fb6a000] [id=10243]
  0x00007fb493027000 WatcherThread [stack: 0x00000001119bb000,0x0000000111abb000] [id=16387]

VM state:not at safepoint (normal execution)

VM Mutex/Monitor currently owned by a thread: None

Heap
 PSYoungGen      total 18816K, used 2258K [0x00000007eaf60000, 0x00000007ec460000, 0x0000000800000000)
  eden space 16128K, 14% used [0x00000007eaf60000,0x00000007eb194900,0x00000007ebf20000)
  from space 2688K, 0% used [0x00000007ec1c0000,0x00000007ec1c0000,0x00000007ec460000)
  to   space 2688K, 0% used [0x00000007ebf20000,0x00000007ebf20000,0x00000007ec1c0000)
 ParOldGen       total 43136K, used 0K [0x00000007c0e00000, 0x00000007c3820000, 0x00000007eaf60000)
  object space 43136K, 0% used [0x00000007c0e00000,0x00000007c0e00000,0x00000007c3820000)
 PSPermGen       total 21248K, used 4173K [0x00000007bbc00000, 0x00000007bd0c0000, 0x00000007c0e00000)
  object space 21248K, 19% used [0x00000007bbc00000,0x00000007bc013490,0x00000007bd0c0000)

Card table byte_map: [0x000000010a569000,0x000000010a78c000] byte_map_base: 0x000000010678b000

Polling page: 0x00000001059dc000

Code Cache  [0x00000001074a9000, 0x0000000107719000, 0x000000010a4a9000)
 total_blobs=221 nmethods=9 adapters=165 free_code_cache=48695Kb largest_free_block=49841152

Compilation events (10 events):
Event: 0.122 Thread 0x00007fb49501b000 nmethod 5 0x0000000107510510 code [0x0000000107510700, 0x0000000107510df8]
Event: 0.122 Thread 0x00007fb49501b000    6             Maze::fixWall (285 bytes)
Event: 0.130 Thread 0x00007fb49501b000 nmethod 6 0x00000001075115d0 code [0x00000001075117c0, 0x0000000107511ed8]
Event: 0.130 Thread 0x00007fb49501b000    7             Maze::markUnvisited (18 bytes)
Event: 0.131 Thread 0x00007fb49501b000 nmethod 7 0x000000010750b210 code [0x000000010750b360, 0x000000010750b498]
Event: 0.223 Thread 0x00007fb49501c800 nmethod 2 0x0000000107516b10 code [0x00000001075171e0, 0x000000010751ac88]
Event: 0.455 Thread 0x00007fb49501b000    8             java.lang.String::hashCode (55 bytes)
Event: 0.457 Thread 0x00007fb49501b000 nmethod 8 0x000000010750f190 code [0x000000010750f2e0, 0x000000010750f478]
Event: 0.459 Thread 0x00007fb49501c800    9             java.lang.Object::<init> (1 bytes)
Event: 0.459 Thread 0x00007fb49501c800 nmethod 9 0x0000000107508650 code [0x0000000107508780, 0x0000000107508818]

GC Heap History (0 events):
No events

Deoptimization events (0 events):
No events

Internal exceptions (10 events):
Event: 0.058 Thread 0x00007fb495001000 Threw 0x00000007eafb1b30 at /HUDSON/workspace/jdk7u25-2-build-macosx-amd64-product/jdk7u25/hotspot/src/share/vm/prims/jvm.cpp:1235
Event: 0.058 Thread 0x00007fb495001000 Threw 0x00000007eafb1c58 at /HUDSON/workspace/jdk7u25-2-build-macosx-amd64-product/jdk7u25/hotspot/src/share/vm/prims/jvm.cpp:1235
Event: 0.061 Thread 0x00007fb495001000 Threw 0x00000007eafbb708 at /HUDSON/workspace/jdk7u25-2-build-macosx-amd64-product/jdk7u25/hotspot/src/share/vm/prims/jvm.cpp:1235
Event: 0.064 Thread 0x00007fb495001000 Threw 0x00000007eafc3b30 at /HUDSON/workspace/jdk7u25-2-build-macosx-amd64-product/jdk7u25/hotspot/src/share/vm/prims/jvm.cpp:1235
Event: 0.065 Thread 0x00007fb495001000 Threw 0x00000007eafc8848 at /HUDSON/workspace/jdk7u25-2-build-macosx-amd64-product/jdk7u25/hotspot/src/share/vm/prims/jvm.cpp:1235
Event: 0.067 Thread 0x00007fb495001000 Threw 0x00000007eafcc478 at /HUDSON/workspace/jdk7u25-2-build-macosx-amd64-product/jdk7u25/hotspot/src/share/vm/prims/jvm.cpp:1235
Event: 0.067 Thread 0x00007fb495001000 Threw 0x00000007eafce890 at /HUDSON/workspace/jdk7u25-2-build-macosx-amd64-product/jdk7u25/hotspot/src/share/vm/prims/jvm.cpp:1235
Event: 0.449 Thread 0x00007fb495001000 Threw 0x00000007eb0d16e8 at /HUDSON/workspace/jdk7u25-2-build-macosx-amd64-product/jdk7u25/hotspot/src/share/vm/prims/jni.cpp:716
Event: 0.449 Thread 0x00007fb495001000 Threw 0x00000007eb0d2170 at /HUDSON/workspace/jdk7u25-2-build-macosx-amd64-product/jdk7u25/hotspot/src/share/vm/prims/jni.cpp:716
Event: 0.457 Thread 0x00007fb495001000 Threw 0x00000007eb0e1f68 at /HUDSON/workspace/jdk7u25-2-build-macosx-amd64-product/jdk7u25/hotspot/src/share/vm/prims/jni.cpp:716

Events (10 events):
Event: 0.461 loading class 0x00007fb492c58790 done
Event: 0.461 loading class 0x00007fb492c587c0
Event: 0.461 loading class 0x00007fb492c587c0 done
Event: 0.461 Thread 0x00007fb493068000 Thread added: 0x00007fb493068000
Event: 0.461 loading class 0x00007fb492c569d0
Event: 0.461 loading class 0x00007fb492c59dc0
Event: 0.461 loading class 0x00007fb492c59dc0 done
Event: 0.461 loading class 0x00007fb492c569d0 done
Event: 2.059 loading class 0x00007fb492c56a50
Event: 2.059 loading class 0x00007fb492c56a50 done


Dynamic libraries:
0x00000000037c0000 	/System/Library/Frameworks/Cocoa.framework/Versions/A/Cocoa
0x00000000037c0000 	/System/Library/Frameworks/Security.framework/Versions/A/Security
0x00000000037c0000 	/System/Library/Frameworks/ApplicationServices.framework/Versions/A/ApplicationServices
0x00000000037c0000 	/usr/lib/libz.1.dylib
0x00000000037c0000 	/usr/lib/libSystem.B.dylib
0x00000000037c0000 	/usr/lib/libobjc.A.dylib
0x00000000037c0000 	/System/Library/Frameworks/CoreFoundation.framework/Versions/A/CoreFoundation
0x00000000037c0000 	/System/Library/Frameworks/AppKit.framework/Versions/C/AppKit
0x00000000037c0000 	/System/Library/Frameworks/CoreData.framework/Versions/A/CoreData
0x00000000037c0000 	/System/Library/Frameworks/Foundation.framework/Versions/C/Foundation
0x00000000037c0000 	/System/Library/PrivateFrameworks/RemoteViewServices.framework/Versions/A/RemoteViewServices
0x00000000037c0000 	/System/Library/PrivateFrameworks/UIFoundation.framework/Versions/A/UIFoundation
0x00000000037c0000 	/System/Library/Frameworks/AudioToolbox.framework/Versions/A/AudioToolbox
0x00000000037c0000 	/System/Library/Frameworks/AudioUnit.framework/Versions/A/AudioUnit
0x00000000037c0000 	/System/Library/PrivateFrameworks/DataDetectorsCore.framework/Versions/A/DataDetectorsCore
0x00000000037c0000 	/System/Library/PrivateFrameworks/DesktopServicesPriv.framework/Versions/A/DesktopServicesPriv
0x00000000037c0000 	/System/Library/Frameworks/Carbon.framework/Versions/A/Frameworks/HIToolbox.framework/Versions/A/HIToolbox
0x00000000037c0000 	/System/Library/Frameworks/QuartzCore.framework/Versions/A/QuartzCore
0x00000000037c0000 	/System/Library/Frameworks/Carbon.framework/Versions/A/Frameworks/SpeechRecognition.framework/Versions/A/SpeechRecognition
0x00000000037c0000 	/usr/lib/libauto.dylib
0x00000000037c0000 	/usr/lib/libicucore.A.dylib
0x00000000037c0000 	/usr/lib/libxml2.2.dylib
0x00000000037c0000 	/System/Library/PrivateFrameworks/CoreUI.framework/Versions/A/CoreUI
0x00000000037c0000 	/System/Library/Frameworks/CoreAudio.framework/Versions/A/CoreAudio
0x00000000037c0000 	/System/Library/Frameworks/DiskArbitration.framework/Versions/A/DiskArbitration
0x00000000037c0000 	/usr/lib/liblangid.dylib
0x00000000037c0000 	/System/Library/PrivateFrameworks/MultitouchSupport.framework/Versions/A/MultitouchSupport
0x00000000037c0000 	/System/Library/Frameworks/IOKit.framework/Versions/A/IOKit
0x00000000037c0000 	/usr/lib/libDiagnosticMessagesClient.dylib
0x00000000037c0000 	/System/Library/Frameworks/CoreServices.framework/Versions/A/CoreServices
0x00000000037c0000 	/System/Library/PrivateFrameworks/PerformanceAnalysis.framework/Versions/A/PerformanceAnalysis
0x00000000037c0000 	/System/Library/PrivateFrameworks/GenerationalStorage.framework/Versions/A/GenerationalStorage
0x00000000037c0000 	/System/Library/Frameworks/OpenGL.framework/Versions/A/OpenGL
0x00000000037c0000 	/System/Library/PrivateFrameworks/Sharing.framework/Versions/A/Sharing
0x00000000037c0000 	/System/Library/Frameworks/CoreGraphics.framework/Versions/A/CoreGraphics
0x00000000037c0000 	/System/Library/Frameworks/CoreText.framework/Versions/A/CoreText
0x00000000037c0000 	/System/Library/Frameworks/ImageIO.framework/Versions/A/ImageIO
0x00000000037c0000 	/usr/lib/libextension.dylib
0x00000000037c0000 	/System/Library/PrivateFrameworks/Backup.framework/Versions/A/Backup
0x00000000037c0000 	/usr/lib/libarchive.2.dylib
0x00000000037c0000 	/System/Library/Frameworks/CFNetwork.framework/Versions/A/CFNetwork
0x00000000037c0000 	/System/Library/Frameworks/SystemConfiguration.framework/Versions/A/SystemConfiguration
0x00000000037c0000 	/usr/lib/libCRFSuite.dylib
0x00000000037c0000 	/usr/lib/libc++.1.dylib
0x00000000037c0000 	/usr/lib/libc++abi.dylib
0x00000000037c0000 	/usr/lib/system/libcache.dylib
0x00000000037c0000 	/usr/lib/system/libcommonCrypto.dylib
0x00000000037c0000 	/usr/lib/system/libcompiler_rt.dylib
0x00000000037c0000 	/usr/lib/system/libcopyfile.dylib
0x00000000037c0000 	/usr/lib/system/libcorecrypto.dylib
0x00000000037c0000 	/usr/lib/system/libdispatch.dylib
0x00000000037c0000 	/usr/lib/system/libdyld.dylib
0x00000000037c0000 	/usr/lib/system/libkeymgr.dylib
0x00000000037c0000 	/usr/lib/system/liblaunch.dylib
0x00000000037c0000 	/usr/lib/system/libmacho.dylib
0x00000000037c0000 	/usr/lib/system/libquarantine.dylib
0x00000000037c0000 	/usr/lib/system/libremovefile.dylib
0x00000000037c0000 	/usr/lib/system/libsystem_asl.dylib
0x00000000037c0000 	/usr/lib/system/libsystem_blocks.dylib
0x00000000037c0000 	/usr/lib/system/libsystem_c.dylib
0x00000000037c0000 	/usr/lib/system/libsystem_configuration.dylib
0x00000000037c0000 	/usr/lib/system/libsystem_coreservices.dylib
0x00000000037c0000 	/usr/lib/system/libsystem_coretls.dylib
0x00000000037c0000 	/usr/lib/system/libsystem_dnssd.dylib
0x00000000037c0000 	/usr/lib/system/libsystem_info.dylib
0x00000000037c0000 	/usr/lib/system/libsystem_kernel.dylib
0x00000000037c0000 	/usr/lib/system/libsystem_m.dylib
0x00000000037c0000 	/usr/lib/system/libsystem_malloc.dylib
0x00000000037c0000 	/usr/lib/system/libsystem_network.dylib
0x00000000037c0000 	/usr/lib/system/libsystem_networkextension.dylib
0x00000000037c0000 	/usr/lib/system/libsystem_notify.dylib
0x00000000037c0000 	/usr/lib/system/libsystem_platform.dylib
0x00000000037c0000 	/usr/lib/system/libsystem_pthread.dylib
0x00000000037c0000 	/usr/lib/system/libsystem_sandbox.dylib
0x00000000037c0000 	/usr/lib/system/libsystem_secinit.dylib
0x00000000037c0000 	/usr/lib/system/libsystem_stats.dylib
0x00000000037c0000 	/usr/lib/system/libsystem_trace.dylib
0x00000000037c0000 	/usr/lib/system/libunc.dylib
0x00000000037c0000 	/usr/lib/system/libunwind.dylib
0x00000000037c0000 	/usr/lib/system/libxpc.dylib
0x00000000037c0000 	/usr/lib/libbz2.1.0.dylib
0x00000000037c0000 	/usr/lib/liblzma.5.dylib
0x00000000037c0000 	/usr/lib/libbsm.0.dylib
0x00000000037c0000 	/usr/lib/libsqlite3.dylib
0x00000000037c0000 	/usr/lib/system/libkxld.dylib
0x00000000037c0000 	/usr/lib/libxar.1.dylib
0x00000000037c0000 	/usr/lib/libpam.2.dylib
0x00000000037c0000 	/usr/lib/libOpenScriptingUtil.dylib
0x00000000037c0000 	/System/Library/Frameworks/CoreServices.framework/Versions/A/Frameworks/FSEvents.framework/Versions/A/FSEvents
0x00000000037c0000 	/System/Library/Frameworks/CoreServices.framework/Versions/A/Frameworks/CarbonCore.framework/Versions/A/CarbonCore
0x00000000037c0000 	/System/Library/Frameworks/CoreServices.framework/Versions/A/Frameworks/Metadata.framework/Versions/A/Metadata
0x00000000037c0000 	/System/Library/Frameworks/CoreServices.framework/Versions/A/Frameworks/OSServices.framework/Versions/A/OSServices
0x00000000037c0000 	/System/Library/Frameworks/CoreServices.framework/Versions/A/Frameworks/SearchKit.framework/Versions/A/SearchKit
0x00000000037c0000 	/System/Library/Frameworks/CoreServices.framework/Versions/A/Frameworks/AE.framework/Versions/A/AE
0x00000000037c0000 	/System/Library/Frameworks/CoreServices.framework/Versions/A/Frameworks/LaunchServices.framework/Versions/A/LaunchServices
0x00000000037c0000 	/System/Library/Frameworks/CoreServices.framework/Versions/A/Frameworks/DictionaryServices.framework/Versions/A/DictionaryServices
0x00000000037c0000 	/System/Library/Frameworks/NetFS.framework/Versions/A/NetFS
0x00000000037c0000 	/System/Library/PrivateFrameworks/NetAuth.framework/Versions/A/NetAuth
0x00000000037c0000 	/System/Library/PrivateFrameworks/login.framework/Versions/A/Frameworks/loginsupport.framework/Versions/A/loginsupport
0x00000000037c0000 	/System/Library/PrivateFrameworks/TCC.framework/Versions/A/TCC
0x00000000037c0000 	/System/Library/Frameworks/OpenDirectory.framework/Versions/A/Frameworks/CFOpenDirectory.framework/Versions/A/CFOpenDirectory
0x00000000037c0000 	/System/Library/Frameworks/ServiceManagement.framework/Versions/A/ServiceManagement
0x00000000037c0000 	/usr/lib/libxslt.1.dylib
0x00000000037c0000 	/System/Library/Frameworks/Carbon.framework/Versions/A/Frameworks/Ink.framework/Versions/A/Ink
0x00000000037c0000 	/System/Library/Frameworks/ApplicationServices.framework/Versions/A/Frameworks/ATS.framework/Versions/A/ATS
0x00000000037c0000 	/System/Library/Frameworks/ApplicationServices.framework/Versions/A/Frameworks/ColorSync.framework/Versions/A/ColorSync
0x00000000037c0000 	/System/Library/Frameworks/ApplicationServices.framework/Versions/A/Frameworks/HIServices.framework/Versions/A/HIServices
0x00000000037c0000 	/System/Library/Frameworks/ApplicationServices.framework/Versions/A/Frameworks/LangAnalysis.framework/Versions/A/LangAnalysis
0x00000000037c0000 	/System/Library/Frameworks/ApplicationServices.framework/Versions/A/Frameworks/PrintCore.framework/Versions/A/PrintCore
0x00000000037c0000 	/System/Library/Frameworks/ApplicationServices.framework/Versions/A/Frameworks/QD.framework/Versions/A/QD
0x00000000037c0000 	/System/Library/Frameworks/ApplicationServices.framework/Versions/A/Frameworks/SpeechSynthesis.framework/Versions/A/SpeechSynthesis
0x00000000037c0000 	/System/Library/Frameworks/IOSurface.framework/Versions/A/IOSurface
0x00000000037c0000 	/System/Library/Frameworks/Accelerate.framework/Versions/A/Accelerate
0x00000000037c0000 	/System/Library/Frameworks/Accelerate.framework/Versions/A/Frameworks/vImage.framework/Versions/A/vImage
0x00000000037c0000 	/System/Library/Frameworks/Accelerate.framework/Versions/A/Frameworks/vecLib.framework/Versions/A/vecLib
0x00000000037c0000 	/System/Library/Frameworks/Accelerate.framework/Versions/A/Frameworks/vecLib.framework/Versions/A/libvDSP.dylib
0x00000000037c0000 	/System/Library/Frameworks/Accelerate.framework/Versions/A/Frameworks/vecLib.framework/Versions/A/libvMisc.dylib
0x00000000037c0000 	/System/Library/Frameworks/Accelerate.framework/Versions/A/Frameworks/vecLib.framework/Versions/A/libLAPACK.dylib
0x00000000037c0000 	/System/Library/Frameworks/Accelerate.framework/Versions/A/Frameworks/vecLib.framework/Versions/A/libBLAS.dylib
0x00000000037c0000 	/System/Library/Frameworks/Accelerate.framework/Versions/A/Frameworks/vecLib.framework/Versions/A/libLinearAlgebra.dylib
0x00000000037c0000 	/System/Library/Frameworks/ApplicationServices.framework/Versions/A/Frameworks/ATS.framework/Versions/A/Resources/libFontParser.dylib
0x00000000037c0000 	/System/Library/Frameworks/ApplicationServices.framework/Versions/A/Frameworks/ATS.framework/Versions/A/Resources/libFontRegistry.dylib
0x00000000037c0000 	/System/Library/PrivateFrameworks/AppleVPA.framework/Versions/A/AppleVPA
0x00000000037c0000 	/System/Library/PrivateFrameworks/AppleJPEG.framework/Versions/A/AppleJPEG
0x00000000037c0000 	/System/Library/Frameworks/ImageIO.framework/Versions/A/Resources/libJPEG.dylib
0x00000000037c0000 	/System/Library/Frameworks/ImageIO.framework/Versions/A/Resources/libTIFF.dylib
0x00000000037c0000 	/System/Library/Frameworks/ImageIO.framework/Versions/A/Resources/libPng.dylib
0x00000000037c0000 	/System/Library/Frameworks/ImageIO.framework/Versions/A/Resources/libGIF.dylib
0x00000000037c0000 	/System/Library/Frameworks/ImageIO.framework/Versions/A/Resources/libJP2.dylib
0x00000000037c0000 	/System/Library/Frameworks/ImageIO.framework/Versions/A/Resources/libRadiance.dylib
0x00000000037c0000 	/System/Library/Frameworks/CoreVideo.framework/Versions/A/CoreVideo
0x00000000037c0000 	/System/Library/Frameworks/OpenGL.framework/Versions/A/Libraries/libGLU.dylib
0x00000000037c0000 	/System/Library/Frameworks/OpenGL.framework/Versions/A/Libraries/libGFXShared.dylib
0x00000000037c0000 	/System/Library/Frameworks/OpenGL.framework/Versions/A/Libraries/libGL.dylib
0x00000000037c0000 	/System/Library/Frameworks/OpenGL.framework/Versions/A/Libraries/libGLImage.dylib
0x00000000037c0000 	/System/Library/Frameworks/OpenGL.framework/Versions/A/Libraries/libCVMSPluginSupport.dylib
0x00000000037c0000 	/System/Library/Frameworks/OpenGL.framework/Versions/A/Libraries/libCoreVMClient.dylib
0x00000000037c0000 	/usr/lib/libcups.2.dylib
0x00000000037c0000 	/System/Library/Frameworks/Kerberos.framework/Versions/A/Kerberos
0x00000000037c0000 	/System/Library/Frameworks/GSS.framework/Versions/A/GSS
0x00000000037c0000 	/usr/lib/libresolv.9.dylib
0x00000000037c0000 	/usr/lib/libiconv.2.dylib
0x00000000037c0000 	/System/Library/PrivateFrameworks/Heimdal.framework/Versions/A/Heimdal
0x00000000037c0000 	/usr/lib/libheimdal-asn1.dylib
0x00000000037c0000 	/System/Library/Frameworks/OpenDirectory.framework/Versions/A/OpenDirectory
0x00000000037c0000 	/System/Library/PrivateFrameworks/CommonAuth.framework/Versions/A/CommonAuth
0x00000000037c0000 	/System/Library/Frameworks/SecurityFoundation.framework/Versions/A/SecurityFoundation
0x00000000037c0000 	/System/Library/Frameworks/QuartzCore.framework/Versions/A/Frameworks/CoreImage.framework/Versions/A/CoreImage
0x00000000037c0000 	/System/Library/PrivateFrameworks/CrashReporterSupport.framework/Versions/A/CrashReporterSupport
0x00000000037c0000 	/System/Library/Frameworks/OpenCL.framework/Versions/A/OpenCL
0x00000000037c0000 	/System/Library/PrivateFrameworks/FaceCore.framework/Versions/A/FaceCore
0x00000000037c0000 	/System/Library/PrivateFrameworks/Ubiquity.framework/Versions/A/Ubiquity
0x00000000037c0000 	/System/Library/PrivateFrameworks/IconServices.framework/Versions/A/IconServices
0x00000000037c0000 	/System/Library/PrivateFrameworks/ChunkingLibrary.framework/Versions/A/ChunkingLibrary
0x00000000037c0000 	/System/Library/PrivateFrameworks/DebugSymbols.framework/Versions/A/DebugSymbols
0x00000000037c0000 	/System/Library/PrivateFrameworks/CommerceKit.framework/Versions/A/Frameworks/CommerceCore.framework/Versions/A/CommerceCore
0x00000000037c0000 	/System/Library/PrivateFrameworks/CoreSymbolication.framework/Versions/A/CoreSymbolication
0x00000000037c0000 	/System/Library/PrivateFrameworks/Symbolication.framework/Versions/A/Symbolication
0x00000000037c0000 	/System/Library/PrivateFrameworks/AppContainer.framework/Versions/A/AppContainer
0x00000000037c0000 	/System/Library/PrivateFrameworks/SecCodeWrapper.framework/Versions/A/SecCodeWrapper
0x00000000037c0000 	/System/Library/PrivateFrameworks/SpeechRecognitionCore.framework/Versions/A/SpeechRecognitionCore
0x0000000106a00000 	/Library/Java/JavaVirtualMachines/jdk1.7.0_25.jdk/Contents/Home/jre/lib/server/libjvm.dylib
0x00000000037c0000 	/usr/lib/libstdc++.6.dylib
0x000000010599f000 	/Library/Java/JavaVirtualMachines/jdk1.7.0_25.jdk/Contents/Home/jre/lib/libverify.dylib
0x00000001059ac000 	/Library/Java/JavaVirtualMachines/jdk1.7.0_25.jdk/Contents/Home/jre/lib/libjava.dylib
0x00000001059e6000 	/Library/Java/JavaVirtualMachines/jdk1.7.0_25.jdk/Contents/Home/jre/lib/libzip.dylib
0x000000010fd72000 	/System/Library/Frameworks/JavaVM.framework/Frameworks/JavaRuntimeSupport.framework/JavaRuntimeSupport
0x000000010fd88000 	/System/Library/Frameworks/JavaVM.framework/Versions/A/Frameworks/JavaNativeFoundation.framework/Versions/A/JavaNativeFoundation
0x00000001059f0000 	/System/Library/Frameworks/JavaVM.framework/Versions/A/JavaVM
0x00000000037c0000 	/System/Library/Frameworks/Carbon.framework/Versions/A/Carbon
0x000000010fd9c000 	/System/Library/PrivateFrameworks/JavaLaunching.framework/Versions/A/JavaLaunching
0x00000000037c0000 	/System/Library/Frameworks/Carbon.framework/Versions/A/Frameworks/CommonPanels.framework/Versions/A/CommonPanels
0x00000000037c0000 	/System/Library/Frameworks/Carbon.framework/Versions/A/Frameworks/Help.framework/Versions/A/Help
0x00000000037c0000 	/System/Library/Frameworks/Carbon.framework/Versions/A/Frameworks/ImageCapture.framework/Versions/A/ImageCapture
0x00000000037c0000 	/System/Library/Frameworks/Carbon.framework/Versions/A/Frameworks/OpenScripting.framework/Versions/A/OpenScripting
0x00000000037c0000 	/System/Library/Frameworks/Carbon.framework/Versions/A/Frameworks/Print.framework/Versions/A/Print
0x00000000037c0000 	/System/Library/Frameworks/Carbon.framework/Versions/A/Frameworks/SecurityHI.framework/Versions/A/SecurityHI
0x0000000111f50000 	/Library/Java/JavaVirtualMachines/jdk1.7.0_25.jdk/Contents/Home/jre/lib/libawt.dylib
0x0000000112000000 	/Library/Java/JavaVirtualMachines/jdk1.7.0_25.jdk/Contents/Home/jre/lib/./libmlib_image.dylib
0x0000000112112000 	/Library/Java/JavaVirtualMachines/jdk1.7.0_25.jdk/Contents/Home/jre/lib/lwawt/liblwawt.dylib
0x00000001121c5000 	/Library/Java/JavaVirtualMachines/jdk1.7.0_25.jdk/Contents/Home/jre/lib/libosxapp.dylib
0x00000000037c0000 	/System/Library/Frameworks/ExceptionHandling.framework/Versions/A/ExceptionHandling
0x00000000037c0000 	/System/Library/PrivateFrameworks/CoreServicesInternal.framework/Versions/A/CoreServicesInternal
0x00000000037c0000 	/System/Library/PrivateFrameworks/CloudDocs.framework/Versions/A/CloudDocs
0x00000000037c0000 	/System/Library/PrivateFrameworks/CoreDuet.framework/Versions/A/CoreDuet
0x00000000037c0000 	/System/Library/Frameworks/CloudKit.framework/Versions/A/CloudKit
0x00000000037c0000 	/System/Library/PrivateFrameworks/ProtocolBuffer.framework/Versions/A/ProtocolBuffer
0x00000000037c0000 	/System/Library/PrivateFrameworks/CoreDuetDaemonProtocol.framework/Versions/A/CoreDuetDaemonProtocol
0x00000000037c0000 	/System/Library/PrivateFrameworks/CoreDuetDebugLogging.framework/Versions/A/CoreDuetDebugLogging
0x00000000037c0000 	/System/Library/Frameworks/CoreLocation.framework/Versions/A/CoreLocation
0x00000000037c0000 	/System/Library/Frameworks/Accounts.framework/Versions/A/Accounts
0x00000000037c0000 	/System/Library/PrivateFrameworks/ApplePushService.framework/Versions/A/ApplePushService
0x00000000037c0000 	/System/Library/PrivateFrameworks/GeoServices.framework/Versions/A/GeoServices
0x00000000037c0000 	/System/Library/PrivateFrameworks/OAuth.framework/Versions/A/OAuth
0x00000000037c0000 	/System/Library/PrivateFrameworks/CoreDaemon.framework/Versions/B/CoreDaemon
0x00000000037c0000 	/usr/lib/libcrypto.0.9.8.dylib
0x00000000037c0000 	/System/Library/PrivateFrameworks/AppleSRP.framework/Versions/A/AppleSRP
0x00000000037c0000 	/System/Library/PrivateFrameworks/TrustEvaluationAgent.framework/Versions/A/TrustEvaluationAgent
0x00000000037c0000 	/System/Library/Frameworks/CoreGraphics.framework/Versions/A/Resources/libCGCMS.A.dylib
0x00000000037c0000 	/System/Library/Frameworks/CoreGraphics.framework/Versions/A/Resources/libRIP.A.dylib
0x00000000037c0000 	/System/Library/Frameworks/CoreGraphics.framework/Versions/A/Resources/libCGXType.A.dylib
0x00000000037c0000 	/System/Library/Frameworks/OpenCL.framework/Versions/A/Libraries/libcldcpuengine.dylib
0x00000000037c0000 	/System/Library/PrivateFrameworks/DiskImages.framework/Versions/A/DiskImages
0x00000000037c0000 	/System/Library/Frameworks/DiscRecording.framework/Versions/A/DiscRecording
0x00000000037c0000 	/usr/lib/libcsfde.dylib
0x00000000037c0000 	/usr/lib/libcurl.4.dylib
0x00000000037c0000 	/System/Library/PrivateFrameworks/MediaKit.framework/Versions/A/MediaKit
0x00000000037c0000 	/System/Library/PrivateFrameworks/ProtectedCloudStorage.framework/Versions/A/ProtectedCloudStorage
0x00000000037c0000 	/usr/lib/libCoreStorage.dylib
0x00000000037c0000 	/System/Library/PrivateFrameworks/EFILogin.framework/Versions/A/EFILogin
0x00000000037c0000 	/usr/lib/libutil.dylib
0x00000000037c0000 	/System/Library/PrivateFrameworks/FindMyDevice.framework/Versions/A/FindMyDevice
0x00000000037c0000 	/System/Library/Frameworks/LDAP.framework/Versions/A/LDAP
0x00000000037c0000 	/usr/lib/libsasl2.2.dylib
0x0000000111c2c000 	cl_kernels
0x0000000114611000 	/System/Library/Frameworks/OpenCL.framework/Versions/A/Libraries/ImageFormats/unorm8_bgra.dylib
0x0000000111c32000 	cl_kernels
0x00000000037c0000 	/System/Library/PrivateFrameworks/FamilyControls.framework/Versions/A/FamilyControls
0x00000000037c0000 	/System/Library/PrivateFrameworks/SystemAdministration.framework/Versions/A/SystemAdministration
0x00000000037c0000 	/System/Library/Frameworks/DirectoryService.framework/Versions/A/DirectoryService
0x00000000037c0000 	/System/Library/PrivateFrameworks/LoginUIKit.framework/Versions/A/Frameworks/LoginUICore.framework/Versions/A/LoginUICore
0x00000000037c0000 	/usr/lib/libodfde.dylib
0x00000000037c0000 	/System/Library/Frameworks/OpenGL.framework/Versions/A/Resources/GLEngine.bundle/GLEngine
0x00000000037c0000 	/System/Library/Frameworks/OpenGL.framework/Versions/A/Libraries/libGLProgrammability.dylib
0x00000000037c0000 	/System/Library/Frameworks/OpenGL.framework/Versions/A/Resources/GLRendererFloat.bundle/GLRendererFloat

VM Arguments:
java_command: MazeMaker2
Launcher Type: SUN_STANDARD

Environment Variables:
PATH=pwd/bin:/usr/local/bin:/usr/bin:/bin:/usr/sbin:/sbin:/usr/local/git/bin
SHELL=/bin/bash

Signal Handlers:
SIGSEGV: [libjvm.dylib+0x4a820f], sa_mask[0]=0xfffefeff, sa_flags=0x00000042
SIGBUS: [libjvm.dylib+0x4a820f], sa_mask[0]=0xfffefeff, sa_flags=0x00000042
SIGFPE: [libjvm.dylib+0x3b7495], sa_mask[0]=0xfffefeff, sa_flags=0x00000042
SIGPIPE: [libjvm.dylib+0x3b7495], sa_mask[0]=0xfffefeff, sa_flags=0x00000042
SIGXFSZ: [libjvm.dylib+0x3b7495], sa_mask[0]=0xfffefeff, sa_flags=0x00000042
SIGILL: [libjvm.dylib+0x3b7495], sa_mask[0]=0xfffefeff, sa_flags=0x00000042
SIGUSR1: SIG_DFL, sa_mask[0]=0x63807efb, sa_flags=0x00000000
SIGUSR2: [libjvm.dylib+0x3b702e], sa_mask[0]=0x00000000, sa_flags=0x00000042
SIGHUP: [libjvm.dylib+0x3b528f], sa_mask[0]=0xfffefeff, sa_flags=0x00000042
SIGINT: [libjvm.dylib+0x3b528f], sa_mask[0]=0xfffefeff, sa_flags=0x00000042
SIGTERM: [libjvm.dylib+0x3b528f], sa_mask[0]=0xfffefeff, sa_flags=0x00000042
SIGQUIT: [libjvm.dylib+0x3b528f], sa_mask[0]=0xfffefeff, sa_flags=0x00000042


---------------  S Y S T E M  ---------------

OS:Bsduname:Darwin 14.0.0 Darwin Kernel Version 14.0.0: Sat May 24 01:15:10 PDT 2014; root:xnu-2738.0.0.0.5~1/RELEASE_X86_64 x86_64
rlimit: STACK 8192k, CORE 0k, NPROC 709, NOFILE 10240, AS infinity
load average:1.29 1.28 1.32

CPU:total 8 (4 cores per cpu, 2 threads per core) family 6 model 58 stepping 9, cmov, cx8, fxsr, mmx, sse, sse2, sse3, ssse3, sse4.1, sse4.2, popcnt, avx, ht, tsc, tscinvbit, tscinv

Memory: 4k page, physical 4136648k(1034162k free)

/proc/meminfo:


vm_info: Java HotSpot(TM) 64-Bit Server VM (23.25-b01) for bsd-amd64 JRE (1.7.0_25-b15), built on Jun  5 2013 22:26:36 by "java_re" with gcc 4.2.1 (Based on Apple Inc. build 5658) (LLVM build 2336.11.00)

time: Mon Jun 16 22:27:11 2014
elapsed time: 2 seconds

